<?xml version="1.0" encoding="UTF-8"?>
<!-- Generated by org.testng.reporters.JUnitReportReporter -->
<testsuite ignored="0" hostname="DESKTOP-CSNSMDB" failures="0" tests="1" name="org.project.com.TC02" time="7.455" errors="0" timestamp="21 Aug 2021 12:58:37 GMT" skipped="0">
  <testcase classname="org.project.com.TC02" name="test02" time="7.455"/>
</testsuite> <!-- org.project.com.TC02 -->
