<?xml version="1.0" encoding="UTF-8"?>
<!-- Generated by org.testng.reporters.JUnitReportReporter -->
<testsuite ignored="0" hostname="DESKTOP-CSNSMDB" failures="0" tests="1" name="org.project.com.SnapDealSearchItemTest" time="11.139" errors="0" timestamp="28 Aug 2021 13:14:45 GMT" skipped="0">
  <testcase classname="org.project.com.SnapDealSearchItemTest" name="snapdealTest" time="11.139"/>
</testsuite> <!-- org.project.com.SnapDealSearchItemTest -->
