<?xml version="1.0" encoding="UTF-8"?>
<!-- Generated by org.testng.reporters.JUnitReportReporter -->
<testsuite ignored="0" hostname="DESKTOP-CSNSMDB" failures="0" tests="1" name="org.project.com.SnapDealTest" time="9.346" errors="0" timestamp="28 Aug 2021 12:49:09 GMT" skipped="0">
  <testcase classname="org.project.com.SnapDealTest" name="snapdealTest" time="9.346"/>
</testsuite> <!-- org.project.com.SnapDealTest -->
