<?xml version="1.0" encoding="UTF-8"?>
<!-- Generated by org.testng.reporters.JUnitReportReporter -->
<testsuite ignored="0" hostname="DESKTOP-CSNSMDB" failures="0" tests="1" name="org.project.com.TC01" time="12.115" errors="0" timestamp="08 Aug 2021 12:53:28 GMT" skipped="0">
  <testcase classname="org.project.com.TC01" name="testCase01" time="12.115"/>
</testsuite> <!-- org.project.com.TC01 -->
